2021-07-27 11:09:00,786 INFO org.springframework.boot.StartupInfoLogger [restartedMain] Starting CodeChallengeApplication using Java 15.0.2 on DESKTOP-PA62EC4 with PID 17396 (C:\Users\rajat\source\codeChallenge\bin\main started by rajat in C:\Users\rajat\source\codeChallenge)
2021-07-27 11:09:00,787 INFO org.springframework.boot.SpringApplication [restartedMain] The following profiles are active: dev
2021-07-27 11:09:01,071 INFO org.springframework.boot.web.embedded.tomcat.TomcatWebServer [restartedMain] Tomcat initialized with port(s): 9000 (http)
2021-07-27 11:09:01,072 INFO org.apache.juli.logging.DirectJDKLog [restartedMain] Initializing ProtocolHandler ["http-nio-9000"]
2021-07-27 11:09:01,072 INFO org.apache.juli.logging.DirectJDKLog [restartedMain] Starting service [Tomcat]
2021-07-27 11:09:01,072 INFO org.apache.juli.logging.DirectJDKLog [restartedMain] Starting Servlet engine: [Apache Tomcat/9.0.50]
2021-07-27 11:09:01,094 INFO org.apache.juli.logging.DirectJDKLog [restartedMain] Initializing Spring embedded WebApplicationContext
2021-07-27 11:09:01,094 INFO org.springframework.boot.web.servlet.context.ServletWebServerApplicationContext [restartedMain] Root WebApplicationContext: initialization completed in 305 ms
2021-07-27 11:09:01,177 INFO org.springframework.boot.devtools.autoconfigure.OptionalLiveReloadServer [restartedMain] LiveReload server is running on port 35729
2021-07-27 11:09:01,200 INFO org.apache.juli.logging.DirectJDKLog [restartedMain] Starting ProtocolHandler ["http-nio-9000"]
2021-07-27 11:09:01,207 INFO org.springframework.boot.web.embedded.tomcat.TomcatWebServer [restartedMain] Tomcat started on port(s): 9000 (http) with context path ''
2021-07-27 11:09:01,236 INFO org.apache.juli.logging.DirectJDKLog [http-nio-9000-exec-1] Initializing Spring DispatcherServlet 'dispatcherServlet'
2021-07-27 11:09:01,236 INFO org.springframework.web.servlet.FrameworkServlet [http-nio-9000-exec-1] Initializing Servlet 'dispatcherServlet'
2021-07-27 11:09:01,237 INFO org.springframework.web.servlet.FrameworkServlet [http-nio-9000-exec-1] Completed initialization in 1 ms
2021-07-27 11:09:01,282 INFO org.springframework.boot.StartupInfoLogger [restartedMain] Started CodeChallengeApplication in 0.563 seconds (JVM running for 68.534)
2021-07-27 11:09:01,284 INFO org.springframework.boot.devtools.autoconfigure.ConditionEvaluationDeltaLoggingListener [restartedMain] Condition evaluation unchanged
2021-07-27 11:09:14,790 INFO org.springframework.boot.StartupInfoLogger [restartedMain] Starting CodeChallengeApplication using Java 15.0.2 on DESKTOP-PA62EC4 with PID 17396 (C:\Users\rajat\source\codeChallenge\bin\main started by rajat in C:\Users\rajat\source\codeChallenge)
2021-07-27 11:09:14,790 INFO org.springframework.boot.SpringApplication [restartedMain] The following profiles are active: dev
2021-07-27 11:09:15,091 INFO org.springframework.boot.web.embedded.tomcat.TomcatWebServer [restartedMain] Tomcat initialized with port(s): 9000 (http)
2021-07-27 11:09:15,091 INFO org.apache.juli.logging.DirectJDKLog [restartedMain] Initializing ProtocolHandler ["http-nio-9000"]
2021-07-27 11:09:15,091 INFO org.apache.juli.logging.DirectJDKLog [restartedMain] Starting service [Tomcat]
2021-07-27 11:09:15,092 INFO org.apache.juli.logging.DirectJDKLog [restartedMain] Starting Servlet engine: [Apache Tomcat/9.0.50]
2021-07-27 11:09:15,114 INFO org.apache.juli.logging.DirectJDKLog [restartedMain] Initializing Spring embedded WebApplicationContext
2021-07-27 11:09:15,114 INFO org.springframework.boot.web.servlet.context.ServletWebServerApplicationContext [restartedMain] Root WebApplicationContext: initialization completed in 322 ms
2021-07-27 11:09:15,184 INFO org.springframework.boot.devtools.autoconfigure.OptionalLiveReloadServer [restartedMain] LiveReload server is running on port 35729
2021-07-27 11:09:15,210 INFO org.apache.juli.logging.DirectJDKLog [restartedMain] Starting ProtocolHandler ["http-nio-9000"]
2021-07-27 11:09:15,212 INFO org.springframework.boot.web.embedded.tomcat.TomcatWebServer [restartedMain] Tomcat started on port(s): 9000 (http) with context path ''
2021-07-27 11:09:15,224 INFO org.apache.juli.logging.DirectJDKLog [http-nio-9000-exec-1] Initializing Spring DispatcherServlet 'dispatcherServlet'
2021-07-27 11:09:15,224 INFO org.springframework.web.servlet.FrameworkServlet [http-nio-9000-exec-1] Initializing Servlet 'dispatcherServlet'
2021-07-27 11:09:15,225 INFO org.springframework.web.servlet.FrameworkServlet [http-nio-9000-exec-1] Completed initialization in 1 ms
2021-07-27 11:09:15,293 INFO org.springframework.boot.StartupInfoLogger [restartedMain] Started CodeChallengeApplication in 0.533 seconds (JVM running for 82.545)
2021-07-27 11:09:15,295 INFO org.springframework.boot.devtools.autoconfigure.ConditionEvaluationDeltaLoggingListener [restartedMain] Condition evaluation unchanged
